
> speaksharp@0.5.4.5 ci:full /Users/fibonacci/SW_Dev/Antigravity_Dev/speaksharp
> node scripts/run-ci.mjs --full

╔════════════════════════════════════════════════════════════╗
║                 [1mSpeakSharp CI Orchestrator[0m                 ║
╚════════════════════════════════════════════════════════════╝

[36m[1m[1/5] Preflight Checks[0m
[2m[PRE][0m 🔍 Running preflight checks...
[32m✔[0m Preflight Checks success in 4ms

[36m[1m[2/5] Code Quality[0m
[2m[TYPES][0m > speaksharp@0.5.4.5 typecheck /Users/fibonacci/SW_Dev/Antigravity_Dev/speaksharp
[2m[LINT][0m > speaksharp@0.5.4.5 lint /Users/fibonacci/SW_Dev/Antigravity_Dev/speaksharp
[2m[LINT][0m > eslint 'frontend/src/**/*.{js,jsx,ts,tsx}' 'tests/**/*.{js,jsx,ts,tsx}' 'backend/supabase/functions/**/*.ts' --report-unused-disable-directives --max-warnings 0 --quiet
[2m[CHECK-ESLINT][0m ✅ No 'eslint-disable' directives found.
[2m[LINT][0m [0m[0m
[2m[LINT][0m [0m[4m/Users/fibonacci/SW_Dev/Antigravity_Dev/speaksharp/tests/e2e/priv-stt-mock-fallback.e2e.spec.ts[24m[0m
[2m[LINT][0m [0m  [2m29:46[22m  [31merror[39m  Unexpected any. Specify a different type  [2m@typescript-eslint/no-explicit-any[22m[0m
[2m[LINT][0m [0m  [2m43:23[22m  [31merror[39m  'w' is assigned a value but never used    [2m@typescript-eslint/no-unused-vars[22m[0m
[2m[LINT][0m [0m[0m
[2m[LINT][0m [0m[31m[1m✖ 2 problems (2 errors, 0 warnings)[22m[39m[0m
[2m[LINT][0m [0m[31m[1m[22m[39m[0m
[2m[LINT][0m [41m[30m ELIFECYCLE [39m[49m [31mCommand failed with exit code 1.[39m
[31m✖[0m Code Quality failed in 23.6s
[31m[STAGE FAIL][0m Code Quality: [LINT] Exited with code 1
[1m[31m🔴 FATAL: Critical stage 'Code Quality' failed. Aborting pipeline.[0m
[33m⏩[0m Test Execution skipped
[33m⏩[0m Lighthouse Audit skipped
[33m⏩[0m Metrics & SQM skipped

╔════════════════════════════════════════════╗
║            [1mSpeakSharp CI Audit[0m             ║
╚════════════════════════════════════════════╝
────────────────────────

[1mStatus[0m
  Value:  [31mFAILED[0m

[1mUnit Tests[0m
  Status:  [33mSKIPPED[0m

[1mE2E Tests[0m
  Status:  [33mSKIPPED[0m

[1mLighthouse[0m
  Performance:     0
  Accessibility:   0
  Best Practices:  0
  SEO:             0

[1mSQM Score[0m
  Score:    [36m0 / 100[0m

[1mPipeline[0m
  Runtime:  23.58s

╔════════════════════════════════════════════╗
║            [1mFINAL STATUS: FAILED[0m            ║
╚════════════════════════════════════════════╝

📄 [CI] Audit report generated at: /Users/fibonacci/SW_Dev/Antigravity_Dev/speaksharp/test-results/ci-audit.md
