
> speaksharp@0.5.4.5 test:unit:local /Users/fibonacci/SW_Dev/Antigravity_Dev/speaksharp
> node scripts/pnpm-only.mjs && echo 'NOTE: Running Unit and Component Integration tests...' && cross-env CI=true FORCE_COLOR=1 vitest run --config frontend/vitest.config.mjs --pool=forks

NOTE: Running Unit and Component Integration tests...

[1m[46m RUN [49m[22m [36mv3.2.4 [39m[90m/Users/fibonacci/SW_Dev/Antigravity_Dev/speaksharp[39m
      [2mCoverage enabled with [22m[33mv8[39m

 [32m✓[39m frontend/src/pages/__tests__/SignUpPage.component.test.tsx [2m([22m[2m18 tests[22m[2m)[22m[33m 1965[2mms[22m[39m
 [32m✓[39m frontend/src/pages/__tests__/SignInPage.component.test.tsx [2m([22m[2m15 tests[22m[2m)[22m[33m 1480[2mms[22m[39m
 [32m✓[39m frontend/tests/integration/SessionSidebar.test.tsx [2m([22m[2m8 tests[22m[2m)[22m[33m 1434[2mms[22m[39m
   [33m[2m✓[22m[39m SessionSidebar[2m > [22mfor a Dev user[2m > [22mcan switch to and start in any mode [33m 440[2mms[22m[39m
 [32m✓[39m frontend/tests/integration/AuthPage.test.tsx [2m([22m[2m9 tests[22m[2m)[22m[33m 1479[2mms[22m[39m
 [32m✓[39m frontend/src/services/transcription/modes/__tests__/CloudAssemblyAI.test.ts [2m([22m[2m6 tests[22m[2m)[22m[33m 795[2mms[22m[39m
   [33m[2m✓[22m[39m CloudAssemblyAI (Native WebSocket)[2m > [22mResilience & Backoff[2m > [22mshould reconnect with exponential backoff on error [33m 721[2mms[22m[39m
 [32m✓[39m frontend/src/pages/__tests__/SessionPage.ui.component.test.tsx [2m([22m[2m3 tests[22m[2m)[22m[33m 524[2mms[22m[39m
 [32m✓[39m frontend/src/components/session/__tests__/FillerWordAnalysis.component.test.tsx [2m([22m[2m12 tests[22m[2m)[22m[33m 501[2mms[22m[39m
 [32m✓[39m frontend/src/pages/__tests__/PricingPage.component.test.tsx [2m([22m[2m12 tests[22m[2m)[22m[32m 287[2mms[22m[39m
 [32m✓[39m frontend/src/components/session/__tests__/AISuggestions.component.test.tsx [2m([22m[2m12 tests[22m[2m)[22m[33m 423[2mms[22m[39m
 [32m✓[39m frontend/src/components/__tests__/Navigation.component.test.tsx [2m([22m[2m13 tests[22m[2m)[22m[33m 444[2mms[22m[39m
 [32m✓[39m frontend/tests/integration/UserFillerWordsManager.test.tsx [2m([22m[2m7 tests[22m[2m)[22m[33m 347[2mms[22m[39m
 [32m✓[39m frontend/src/components/__tests__/UpgradePromptDialog.component.test.tsx [2m([22m[2m4 tests[22m[2m)[22m[32m 209[2mms[22m[39m
 [32m✓[39m frontend/src/pages/__tests__/DesignSystemPage.component.test.tsx [2m([22m[2m3 tests[22m[2m)[22m[32m 199[2mms[22m[39m
 [32m✓[39m frontend/src/components/__tests__/AnalyticsDashboard.component.test.tsx [2m([22m[2m4 tests[22m[2m)[22m[32m 177[2mms[22m[39m
 [32m✓[39m frontend/src/hooks/__tests__/useGoals.test.tsx [2m([22m[2m5 tests[22m[2m)[22m[32m 183[2mms[22m[39m
 [32m✓[39m frontend/src/pages/__tests__/ConfigurationNeededPage.component.test.tsx [2m([22m[2m4 tests[22m[2m)[22m[32m 147[2mms[22m[39m
 [32m✓[39m frontend/src/components/analytics/__tests__/WeeklyActivityChart.test.tsx [2m([22m[2m3 tests[22m[2m)[22m[32m 36[2mms[22m[39m
 [32m✓[39m frontend/src/components/__tests__/LocalErrorBoundary.test.tsx [2m([22m[2m6 tests[22m[2m)[22m[32m 166[2mms[22m[39m
 [32m✓[39m frontend/src/components/session/__tests__/LiveRecordingCard.test.tsx [2m([22m[2m2 tests[22m[2m)[22m[32m 42[2mms[22m[39m
 [32m✓[39m frontend/src/pages/__tests__/AnalyticsPage.component.test.tsx [2m([22m[2m14 tests[22m[2m)[22m[32m 146[2mms[22m[39m
 [32m✓[39m frontend/src/components/__tests__/ErrorBoundary.component.test.tsx [2m([22m[2m3 tests[22m[2m)[22m[32m 133[2mms[22m[39m
 [32m✓[39m frontend/src/hooks/__tests__/useUserProfile.component.test.tsx [2m([22m[2m3 tests[22m[2m)[22m[32m 197[2mms[22m[39m
 [32m✓[39m frontend/src/pages/__tests__/Index.component.test.tsx [2m([22m[2m5 tests[22m[2m)[22m[32m 113[2mms[22m[39m
 [32m✓[39m frontend/src/components/__tests__/ErrorBoundary.test.tsx [2m([22m[2m2 tests[22m[2m)[22m[32m 35[2mms[22m[39m
 [32m✓[39m frontend/src/pages/__tests__/SessionPage.rendering.component.test.tsx [2m([22m[2m13 tests[22m[2m)[22m[32m 108[2mms[22m[39m
 [32m✓[39m frontend/tests/unit/fillerWordUtils.test.ts [2m([22m[2m13 tests[22m[2m)[22m[32m 36[2mms[22m[39m
 [32m✓[39m frontend/src/pages/__tests__/SessionPage.feedback.component.test.tsx [2m([22m[2m3 tests[22m[2m)[22m[32m 30[2mms[22m[39m
 [32m✓[39m frontend/src/hooks/useSpeechRecognition/__tests__/integration.test.tsx [2m([22m[2m6 tests[22m[2m)[22m[32m 86[2mms[22m[39m
 [32m✓[39m frontend/src/hooks/__tests__/usePracticeHistory.component.test.tsx [2m([22m[2m2 tests[22m[2m)[22m[32m 70[2mms[22m[39m
 [32m✓[39m frontend/src/hooks/useSpeechRecognition/__tests__/index.component.test.tsx [2m([22m[2m6 tests[22m[2m)[22m[32m 30[2mms[22m[39m
 [32m✓[39m frontend/src/hooks/__tests__/useVocalAnalysis.component.test.tsx [2m([22m[2m4 tests[22m[2m)[22m[32m 18[2mms[22m[39m
 [32m✓[39m frontend/src/components/analytics/__tests__/SessionComparisonDialog.test.tsx [2m([22m[2m2 tests[22m[2m)[22m[32m 53[2mms[22m[39m
 [32m✓[39m frontend/src/components/session/__tests__/TranscriptPanel.component.test.tsx [2m([22m[2m9 tests[22m[2m)[22m[32m 58[2mms[22m[39m
 [32m✓[39m frontend/src/services/transcription/__tests__/SttSafeguards.test.ts [2m([22m[2m4 tests[22m[2m)[22m[32m 29[2mms[22m[39m
 [32m✓[39m frontend/src/hooks/useSpeechRecognition/__tests__/useFillerWords.test.tsx [2m([22m[2m4 tests[22m[2m)[22m[32m 45[2mms[22m[39m
 [32m✓[39m frontend/src/contexts/__tests__/AuthProvider.component.test.tsx [2m([22m[2m7 tests[22m[2m)[22m[32m 49[2mms[22m[39m
 [32m✓[39m frontend/src/mocks/__tests__/handlers.test.ts [2m([22m[2m9 tests[22m[2m)[22m[32m 49[2mms[22m[39m
 [32m✓[39m frontend/src/components/analytics/__tests__/STTAccuracyVsBenchmark.test.tsx [2m([22m[2m4 tests[22m[2m)[22m[32m 48[2mms[22m[39m
 [32m✓[39m frontend/src/hooks/useSpeechRecognition/__tests__/useTranscriptionService.component.test.tsx [2m([22m[2m4 tests[22m[2m)[22m[32m 45[2mms[22m[39m
 [32m✓[39m frontend/src/pages/__tests__/SessionPage.logic.component.test.tsx [2m([22m[2m2 tests[22m[2m)[22m[32m 43[2mms[22m[39m
 [32m✓[39m frontend/src/lib/__tests__/wer.test.ts [2m([22m[2m12 tests[22m[2m)[22m[32m 25[2mms[22m[39m
 [32m✓[39m frontend/src/hooks/__tests__/useSessionLifecycle.test.tsx [2m([22m[2m2 tests[22m[2m)[22m[32m 26[2mms[22m[39m
 [32m✓[39m frontend/src/components/analytics/__tests__/TopFillerWords.component.test.tsx [2m([22m[2m4 tests[22m[2m)[22m[32m 35[2mms[22m[39m
 [32m✓[39m frontend/src/hooks/__tests__/useAnalytics.test.tsx [2m([22m[2m2 tests[22m[2m)[22m[32m 28[2mms[22m[39m
 [32m✓[39m frontend/src/components/session/__tests__/StatusNotificationBar.test.tsx [2m([22m[2m2 tests[22m[2m)[22m[32m 20[2mms[22m[39m
 [32m✓[39m frontend/src/pages/__tests__/MainPage.component.test.tsx [2m([22m[2m2 tests[22m[2m)[22m[32m 24[2mms[22m[39m
 [32m✓[39m frontend/src/lib/__tests__/dateUtils.test.ts [2m([22m[2m9 tests[22m[2m)[22m[32m 20[2mms[22m[39m
 [32m✓[39m frontend/src/hooks/useSpeechRecognition/__tests__/stale-closure.test.tsx [2m([22m[2m1 test[22m[2m)[22m[32m 20[2mms[22m[39m
 [32m✓[39m frontend/src/hooks/__tests__/useSessionMetrics.test.ts [2m([22m[2m11 tests[22m[2m)[22m[32m 19[2mms[22m[39m
 [32m✓[39m frontend/src/lib/__tests__/analyticsUtils.test.ts [2m([22m[2m8 tests[22m[2m)[22m[32m 20[2mms[22m[39m
 [32m✓[39m frontend/tests/unit/main.test.tsx [2m([22m[2m2 tests[22m[2m)[22m[32m 21[2mms[22m[39m
 [32m✓[39m tests/analytics/math-integrity.test.ts [2m([22m[2m7 tests[22m[2m)[22m[32m 19[2mms[22m[39m
 [32m✓[39m frontend/src/lib/__tests__/supabaseClient.test.ts [2m([22m[2m5 tests[22m[2m)[22m[32m 14[2mms[22m[39m
 [32m✓[39m frontend/src/services/__tests__/domainServices.test.ts [2m([22m[2m17 tests[22m[2m)[22m[32m 17[2mms[22m[39m
 [32m✓[39m frontend/src/hooks/__tests__/useSessionManager.component.test.tsx [2m([22m[2m4 tests[22m[2m)[22m[32m 17[2mms[22m[39m
 [32m✓[39m frontend/src/hooks/useSpeechRecognition/__tests__/useTranscriptionService.test.ts [2m([22m[2m2 tests[22m[2m)[22m[32m 18[2mms[22m[39m
 [32m✓[39m frontend/src/hooks/__tests__/useStreak.test.ts [2m([22m[2m5 tests[22m[2m)[22m[32m 17[2mms[22m[39m
 [32m✓[39m frontend/src/pages/__tests__/SessionPage.timer.component.test.tsx [2m([22m[2m2 tests[22m[2m)[22m[32m 17[2mms[22m[39m
 [32m✓[39m frontend/src/hooks/__tests__/useVocalAnalysis.test.ts [2m([22m[2m4 tests[22m[2m)[22m[32m 16[2mms[22m[39m
 [32m✓[39m frontend/src/services/transcription/engines/__tests__/WhisperEngineRegistry.test.ts [2m([22m[2m6 tests[22m[2m)[22m[32m 24[2mms[22m[39m
 [32m✓[39m frontend/src/services/transcription/__tests__/TranscriptionService.test.ts [2m([22m[2m6 tests[22m[2m)[22m[32m 14[2mms[22m[39m
 [32m✓[39m frontend/src/lib/__tests__/storage.test.ts [2m([22m[2m12 tests[22m[2m)[22m[32m 15[2mms[22m[39m
 [32m✓[39m frontend/src/services/transcription/__tests__/TranscriptionService.heartbeat.test.ts [2m([22m[2m3 tests[22m[2m)[22m[32m 13[2mms[22m[39m
 [32m✓[39m frontend/src/lib/__tests__/globalErrorHandlers.test.ts [2m([22m[2m3 tests[22m[2m)[22m[32m 13[2mms[22m[39m
 [32m✓[39m frontend/src/lib/__tests__/utils.test.ts [2m([22m[2m8 tests[22m[2m)[22m[32m 13[2mms[22m[39m
 [32m✓[39m frontend/src/utils/__tests__/fetchWithRetry.test.ts [2m([22m[2m7 tests[22m[2m)[22m[32m 10[2mms[22m[39m
 [32m✓[39m frontend/src/lib/__tests__/pdfGenerator.test.ts [2m([22m[2m3 tests[22m[2m)[22m[32m 11[2mms[22m[39m
 [32m✓[39m frontend/src/services/transcription/engines/__tests__/TransformersJSEngine.test.ts [2m([22m[2m11 tests[22m[2m)[22m[32m 11[2mms[22m[39m
 [32m✓[39m frontend/src/services/transcription/__tests__/TranscriptionService.zombie.test.ts [2m([22m[2m3 tests[22m[2m)[22m[32m 12[2mms[22m[39m
 [32m✓[39m frontend/src/services/transcription/__tests__/TranscriptionPolicy.test.ts [2m([22m[2m14 tests[22m[2m)[22m[32m 11[2mms[22m[39m
 [32m✓[39m frontend/src/config/__tests__/env.test.ts [2m([22m[2m4 tests[22m[2m)[22m[32m 11[2mms[22m[39m
 [32m✓[39m frontend/src/services/transcription/__tests__/TranscriptionService.maxAttempts.test.ts [2m([22m[2m1 test[22m[2m)[22m[32m 9[2mms[22m[39m
 [32m✓[39m frontend/src/services/transcription/__tests__/TranscriptionAccuracy.integration.test.ts [2m([22m[2m3 tests[22m[2m)[22m[32m 10[2mms[22m[39m
 [32m✓[39m frontend/src/services/audio/__tests__/pauseDetector.test.ts [2m([22m[2m8 tests[22m[2m)[22m[32m 10[2mms[22m[39m
 [32m✓[39m frontend/src/services/transcription/utils/__tests__/AudioProcessor.test.ts [2m([22m[2m14 tests[22m[2m)[22m[32m 11[2mms[22m[39m
 [32m✓[39m frontend/tests/integration/PrivateSTT.integration.test.ts [2m([22m[2m7 tests[22m[2m)[22m[32m 10[2mms[22m[39m
 [32m✓[39m frontend/src/services/transcription/__tests__/TranscriptionService.race.test.ts [2m([22m[2m2 tests[22m[2m)[22m[32m 9[2mms[22m[39m
 [32m✓[39m frontend/src/services/transcription/__tests__/EngineFactory.test.ts [2m([22m[2m5 tests[22m[2m)[22m[32m 10[2mms[22m[39m
 [32m✓[39m frontend/src/services/transcription/engines/__tests__/WhisperTurboEngine.test.ts [2m([22m[2m7 tests[22m[2m)[22m[32m 10[2mms[22m[39m
 [32m✓[39m frontend/src/services/transcription/utils/__tests__/audio-processor.worker.test.ts [2m([22m[2m5 tests[22m[2m)[22m[32m 8[2mms[22m[39m
 [32m✓[39m frontend/src/constants/__tests__/subscriptionTiers.test.ts [2m([22m[2m19 tests[22m[2m)[22m[32m 10[2mms[22m[39m
 [32m✓[39m frontend/src/services/transcription/utils/__tests__/ImmutableCallbackProxy.test.ts [2m([22m[2m4 tests[22m[2m)[22m[32m 8[2mms[22m[39m
 [32m✓[39m frontend/src/utils/__tests__/highlightUtils.test.ts [2m([22m[2m6 tests[22m[2m)[22m[32m 9[2mms[22m[39m
 [32m✓[39m frontend/src/services/transcription/__tests__/FailureManager.test.ts [2m([22m[2m5 tests[22m[2m)[22m[32m 8[2mms[22m[39m
 [32m✓[39m frontend/src/lib/__tests__/storage.validation.test.ts [2m([22m[2m2 tests[22m[2m)[22m[32m 8[2mms[22m[39m
 [32m✓[39m frontend/src/hooks/useSpeechRecognition/__tests__/utils.test.ts [2m([22m[2m6 tests[22m[2m)[22m[32m 7[2mms[22m[39m
 [32m✓[39m frontend/src/utils/__tests__/safeCompare.test.ts [2m([22m[2m6 tests[22m[2m)[22m[32m 7[2mms[22m[39m
 [32m✓[39m frontend/tests/unit/setup.validation.test.ts [2m([22m[2m5 tests[22m[2m)[22m[32m 7[2mms[22m[39m
 [32m✓[39m frontend/src/stores/__tests__/useSessionStore.test.ts [2m([22m[2m10 tests[22m[2m)[22m[32m 6[2mms[22m[39m
 [32m✓[39m frontend/src/services/transcription/engines/__tests__/PrivateSTT.test.ts [2m([22m[2m4 tests[22m[2m)[22m[32m 8[2mms[22m[39m
 [32m✓[39m frontend/src/services/transcription/modes/__tests__/PrivateWhisper.test.ts [2m([22m[2m5 tests[22m[2m)[22m[32m 13[2mms[22m[39m
 [32m✓[39m frontend/src/services/transcription/modes/__tests__/NativeBrowser.test.ts [2m([22m[2m6 tests[22m[2m)[22m[32m 9[2mms[22m[39m

[2m Test Files [22m [1m[32m92 passed[39m[22m[90m (92)[39m
[2m      Tests [22m [1m[32m576 passed[39m[22m[90m (576)[39m
[2m   Start at [22m 15:16:44
[2m   Duration [22m 88.33s[2m (transform 1.16s, setup 12.84s, collect 15.29s, tests 13.00s, environment 27.28s, prepare 3.59s)[22m

[34m % [39m[2mCoverage report from [22m[33mv8[39m
-------------------|---------|----------|---------|---------|-------------------
File               | % Stmts | % Branch | % Funcs | % Lines | Uncovered Line #s 
-------------------|---------|----------|---------|---------|-------------------
[33;1mAll files         [0m | [33;1m  62.61[0m | [33;1m   73.88[0m | [33;1m  65.85[0m | [33;1m  62.61[0m | [31;1m                 [0m 
[31;1m src              [0m | [31;1m  15.24[0m | [33;1m      50[0m | [33;1m     50[0m | [31;1m  15.24[0m | [31;1m                 [0m 
[31;1m  App.tsx         [0m | [31;1m      0[0m | [31;1m       0[0m | [31;1m      0[0m | [31;1m      0[0m | [31;1m1-171            [0m 
[32;1m  config.ts       [0m | [32;1m    100[0m | [32;1m     100[0m | [32;1m    100[0m | [32;1m    100[0m | [33;1m                 [0m 
[31;1m  main.tsx        [0m | [31;1m      0[0m | [32;1m     100[0m | [32;1m    100[0m | [31;1m      0[0m | [31;1m2-261            [0m 
[33;1m src/components   [0m | [33;1m  60.83[0m | [33;1m   70.71[0m | [33;1m  52.63[0m | [33;1m  60.83[0m | [31;1m                 [0m 
[33;1m  ...Dashboard.tsx[0m | [33;1m  66.94[0m | [33;1m   64.93[0m | [31;1m  30.76[0m | [33;1m  66.94[0m | [31;1m...88-890,899-903[0m 
[31;1m  ...erWarning.tsx[0m | [31;1m      0[0m | [32;1m     100[0m | [32;1m    100[0m | [31;1m      0[0m | [31;1m2-28             [0m 
[32;1m  ...rBoundary.tsx[0m | [32;1m    100[0m | [32;1m     100[0m | [32;1m    100[0m | [32;1m    100[0m | [33;1m                 [0m 
[32;1m  ErrorDisplay.tsx[0m | [32;1m    100[0m | [33;1m   66.66[0m | [32;1m    100[0m | [32;1m    100[0m | [33;1m14-21            [0m 
[32;1m  ...rBoundary.tsx[0m | [32;1m    100[0m | [32;1m   93.75[0m | [32;1m    100[0m | [32;1m    100[0m | [33;1m86               [0m 
[33;1m  Navigation.tsx  [0m | [33;1m  75.16[0m | [33;1m      75[0m | [33;1m  66.66[0m | [33;1m  75.16[0m | [31;1m...32-146,149-156[0m 
[31;1m  ProfileGuard.tsx[0m | [31;1m      0[0m | [31;1m       0[0m | [31;1m      0[0m | [31;1m      0[0m | [31;1m1-103            [0m 
[31;1m  ...redDialog.tsx[0m | [31;1m  43.15[0m | [33;1m      50[0m | [31;1m  14.28[0m | [31;1m  43.15[0m | [31;1m...1,54-81,94-110[0m 
[31;1m  ...ctedRoute.tsx[0m | [31;1m      0[0m | [32;1m     100[0m | [32;1m    100[0m | [31;1m      0[0m | [31;1m2-41             [0m 
[31;1m  ...ionStatus.tsx[0m | [31;1m      0[0m | [32;1m     100[0m | [32;1m    100[0m | [31;1m      0[0m | [31;1m2-29             [0m 
[31;1m  SideNav.tsx     [0m | [31;1m      0[0m | [32;1m     100[0m | [32;1m    100[0m | [31;1m      0[0m | [31;1m2-57             [0m 
[32;1m  ...mptDialog.tsx[0m | [32;1m  81.57[0m | [31;1m   42.85[0m | [32;1m    100[0m | [32;1m  81.57[0m | [31;1m33-36,38-40      [0m 
[33;1m ...ents/analytics[0m | [33;1m  52.11[0m | [32;1m      80[0m | [32;1m  91.66[0m | [33;1m  52.11[0m | [31;1m                 [0m 
[31;1m  ...alsDialog.tsx[0m | [31;1m      0[0m | [31;1m       0[0m | [31;1m      0[0m | [31;1m      0[0m | [31;1m1-126            [0m 
[31;1m  ...WordTable.tsx[0m | [31;1m      0[0m | [32;1m     100[0m | [32;1m    100[0m | [31;1m      0[0m | [31;1m2-64             [0m 
[31;1m  GoalsSection.tsx[0m | [31;1m      0[0m | [32;1m     100[0m | [32;1m    100[0m | [31;1m      0[0m | [31;1m2-115            [0m 
[32;1m  ...Indicator.tsx[0m | [32;1m  91.17[0m | [33;1m      70[0m | [32;1m    100[0m | [32;1m  91.17[0m | [31;1m30-32            [0m 
[32;1m  ...Benchmark.tsx[0m | [32;1m  91.83[0m | [33;1m   78.26[0m | [32;1m    100[0m | [32;1m  91.83[0m | [31;1m57-65            [0m 
[32;1m  ...sonDialog.tsx[0m | [32;1m    100[0m | [32;1m     100[0m | [32;1m    100[0m | [32;1m    100[0m | [33;1m                 [0m 
[32;1m  ...llerWords.tsx[0m | [32;1m    100[0m | [32;1m     100[0m | [32;1m    100[0m | [32;1m    100[0m | [33;1m                 [0m 
[31;1m  TrendChart.tsx  [0m | [31;1m      0[0m | [32;1m     100[0m | [32;1m    100[0m | [31;1m      0[0m | [31;1m2-84             [0m 
[32;1m  ...vityChart.tsx[0m | [32;1m  90.24[0m | [33;1m   71.42[0m | [32;1m    100[0m | [32;1m  90.24[0m | [31;1m17-24            [0m 
[31;1m ...onents/landing[0m | [31;1m      0[0m | [31;1m   42.85[0m | [31;1m  42.85[0m | [31;1m      0[0m | [31;1m                 [0m 
[31;1m  ...tsSection.tsx[0m | [31;1m      0[0m | [31;1m       0[0m | [31;1m      0[0m | [31;1m      0[0m | [31;1m1-92             [0m 
[31;1m  CTASection.tsx  [0m | [31;1m      0[0m | [31;1m       0[0m | [31;1m      0[0m | [31;1m      0[0m | [31;1m1-40             [0m 
[31;1m  ...esSection.tsx[0m | [31;1m      0[0m | [32;1m     100[0m | [32;1m    100[0m | [31;1m      0[0m | [31;1m2-105            [0m 
[31;1m  HeroSection.tsx [0m | [31;1m      0[0m | [31;1m       0[0m | [31;1m      0[0m | [31;1m      0[0m | [31;1m1-110            [0m 
[31;1m  ...Dashboard.tsx[0m | [31;1m      0[0m | [31;1m       0[0m | [31;1m      0[0m | [31;1m      0[0m | [31;1m1-175            [0m 
[31;1m  ...ingFooter.tsx[0m | [31;1m      0[0m | [32;1m     100[0m | [32;1m    100[0m | [31;1m      0[0m | [31;1m2-26             [0m 
[31;1m  ...lsSection.tsx[0m | [31;1m      0[0m | [32;1m     100[0m | [32;1m    100[0m | [31;1m      0[0m | [31;1m2-29             [0m 
[33;1m ...onents/session[0m | [33;1m  70.49[0m | [33;1m   69.88[0m | [33;1m  75.47[0m | [33;1m  70.49[0m | [31;1m                 [0m 
[32;1m  ...ggestions.tsx[0m | [32;1m  97.89[0m | [32;1m   96.42[0m | [32;1m    100[0m | [32;1m  97.89[0m | [31;1m76-77            [0m 
[32;1m  ...ScoreCard.tsx[0m | [32;1m    100[0m | [33;1m      50[0m | [32;1m    100[0m | [32;1m    100[0m | [33;1m33               [0m 
[32;1m  ...dAnalysis.tsx[0m | [32;1m    100[0m | [32;1m      90[0m | [32;1m    100[0m | [32;1m    100[0m | [33;1m73,90            [0m 
[33;1m  ...WordsCard.tsx[0m | [33;1m  56.25[0m | [33;1m      50[0m | [32;1m    100[0m | [33;1m  56.25[0m | [31;1m39-60            [0m 
[33;1m  ...rdingCard.tsx[0m | [33;1m  79.35[0m | [31;1m   45.83[0m | [32;1m    100[0m | [33;1m  79.35[0m | [31;1m...95-210,216-219[0m 
[31;1m  ...riptPanel.tsx[0m | [31;1m  45.12[0m | [31;1m   14.28[0m | [32;1m    100[0m | [31;1m  45.12[0m | [31;1m...4-78,83,85-107[0m 
[33;1m  ...ActionBar.tsx[0m | [33;1m  65.21[0m | [31;1m      20[0m | [32;1m    100[0m | [33;1m  65.21[0m | [31;1m30-37,48-51,53-59[0m 
[32;1m  ...csDisplay.tsx[0m | [32;1m   92.1[0m | [32;1m     100[0m | [33;1m     50[0m | [32;1m   92.1[0m | [31;1m13-15            [0m 
[31;1m  ...eSkeleton.tsx[0m | [31;1m  14.63[0m | [32;1m     100[0m | [31;1m      0[0m | [31;1m  14.63[0m | [31;1m16-103           [0m 
[32;1m  ...onSidebar.tsx[0m | [32;1m  85.64[0m | [33;1m   70.96[0m | [33;1m  63.63[0m | [32;1m  85.64[0m | [31;1m...77,181-183,199[0m 
[32;1m  ...gRateCard.tsx[0m | [32;1m    100[0m | [33;1m      50[0m | [32;1m    100[0m | [32;1m    100[0m | [33;1m31               [0m 
[31;1m  SpeakingTips.tsx[0m | [31;1m      0[0m | [31;1m       0[0m | [31;1m      0[0m | [31;1m      0[0m | [31;1m1-62             [0m 
[32;1m  ...gTipsCard.tsx[0m | [32;1m    100[0m | [31;1m   33.33[0m | [32;1m    100[0m | [32;1m    100[0m | [33;1m45-47            [0m 
[31;1m  ...efulPanel.tsx[0m | [31;1m      0[0m | [32;1m     100[0m | [32;1m    100[0m | [31;1m      0[0m | [31;1m2-35             [0m 
[33;1m  ...cationBar.tsx[0m | [33;1m  70.12[0m | [31;1m      35[0m | [33;1m     50[0m | [33;1m  70.12[0m | [31;1m...61-167,174-200[0m 
[31;1m  SunsetModals.tsx[0m | [31;1m  32.83[0m | [32;1m     100[0m | [31;1m     25[0m | [31;1m  32.83[0m | [31;1m25-77            [0m 
[31;1m  TimerDisplay.tsx[0m | [31;1m      0[0m | [32;1m     100[0m | [32;1m    100[0m | [31;1m      0[0m | [31;1m2-45             [0m 
[32;1m  ...riptPanel.tsx[0m | [32;1m  90.56[0m | [32;1m   85.45[0m | [32;1m     80[0m | [32;1m  90.56[0m | [31;1m38-44,114-116    [0m 
[32;1m  ...dsManager.tsx[0m | [32;1m  90.43[0m | [33;1m      75[0m | [32;1m  85.71[0m | [32;1m  90.43[0m | [31;1m...,56-57,101-103[0m 
[33;1m src/components/ui[0m | [33;1m  58.32[0m | [32;1m      80[0m | [33;1m  73.33[0m | [33;1m  58.32[0m | [31;1m                 [0m 
[33;1m  EmptyState.tsx  [0m | [33;1m  62.71[0m | [31;1m      25[0m | [32;1m    100[0m | [33;1m  62.71[0m | [31;1m40-53,64-66,74-80[0m 
[31;1m  FadeIn.tsx      [0m | [31;1m      0[0m | [32;1m     100[0m | [32;1m    100[0m | [31;1m      0[0m | [31;1m2-37             [0m 
[31;1m  ...ransition.tsx[0m | [31;1m      0[0m | [31;1m       0[0m | [31;1m      0[0m | [31;1m      0[0m | [31;1m1-43             [0m 
[32;1m  alert-dialog.tsx[0m | [32;1m    100[0m | [32;1m     100[0m | [32;1m    100[0m | [32;1m    100[0m | [33;1m                 [0m 
[32;1m  alert.tsx       [0m | [32;1m    100[0m | [32;1m     100[0m | [32;1m    100[0m | [32;1m    100[0m | [33;1m                 [0m 
[32;1m  ...e-variants.ts[0m | [32;1m    100[0m | [32;1m     100[0m | [32;1m    100[0m | [32;1m    100[0m | [33;1m                 [0m 
[32;1m  badge.tsx       [0m | [32;1m    100[0m | [32;1m     100[0m | [32;1m    100[0m | [32;1m    100[0m | [33;1m                 [0m 
[32;1m  ...n-variants.ts[0m | [32;1m    100[0m | [32;1m     100[0m | [32;1m    100[0m | [32;1m    100[0m | [33;1m                 [0m 
[32;1m  button.tsx      [0m | [32;1m    100[0m | [32;1m     100[0m | [32;1m    100[0m | [32;1m    100[0m | [33;1m                 [0m 
[32;1m  card.tsx        [0m | [32;1m    100[0m | [32;1m     100[0m | [32;1m    100[0m | [32;1m    100[0m | [33;1m                 [0m 
[32;1m  carousel.tsx    [0m | [32;1m  91.25[0m | [33;1m    61.9[0m | [32;1m    100[0m | [32;1m  91.25[0m | [31;1m...,88-95,210,239[0m 
[32;1m  checkbox.tsx    [0m | [32;1m    100[0m | [32;1m     100[0m | [32;1m    100[0m | [32;1m    100[0m | [33;1m                 [0m 
[31;1m  dialog.tsx      [0m | [31;1m  29.41[0m | [32;1m     100[0m | [31;1m      0[0m | [31;1m  29.41[0m | [31;1m...,88-96,103-108[0m 
[31;1m  drawer.tsx      [0m | [31;1m      0[0m | [32;1m     100[0m | [32;1m    100[0m | [31;1m      0[0m | [31;1m3-105            [0m 
[31;1m  ...down-menu.tsx[0m | [31;1m  47.82[0m | [32;1m     100[0m | [31;1m      0[0m | [31;1m  47.82[0m | [31;1m...63-168,172-181[0m 
[32;1m  input.tsx       [0m | [32;1m    100[0m | [32;1m     100[0m | [32;1m    100[0m | [32;1m    100[0m | [33;1m                 [0m 
[32;1m  label.tsx       [0m | [32;1m    100[0m | [32;1m     100[0m | [32;1m    100[0m | [32;1m    100[0m | [33;1m                 [0m 
[32;1m  popover.tsx     [0m | [32;1m    100[0m | [32;1m     100[0m | [32;1m    100[0m | [32;1m    100[0m | [33;1m                 [0m 
[32;1m  progress.tsx    [0m | [32;1m    100[0m | [32;1m     100[0m | [32;1m    100[0m | [32;1m    100[0m | [33;1m                 [0m 
[31;1m  sheet.tsx       [0m | [31;1m      0[0m | [32;1m     100[0m | [32;1m    100[0m | [31;1m      0[0m | [31;1m3-127            [0m 
[32;1m  skeleton.tsx    [0m | [32;1m    100[0m | [32;1m     100[0m | [32;1m    100[0m | [32;1m    100[0m | [33;1m                 [0m 
[31;1m  sonner.tsx      [0m | [31;1m      0[0m | [32;1m     100[0m | [32;1m    100[0m | [31;1m      0[0m | [31;1m3-41             [0m 
[31;1m  switch.tsx      [0m | [31;1m      0[0m | [32;1m     100[0m | [32;1m    100[0m | [31;1m      0[0m | [31;1m3-27             [0m 
[31;1m  toast.tsx       [0m | [31;1m      0[0m | [32;1m     100[0m | [32;1m    100[0m | [31;1m      0[0m | [31;1m2-43             [0m 
[32;1m src/config       [0m | [32;1m  82.85[0m | [31;1m   31.57[0m | [32;1m     80[0m | [32;1m  82.85[0m | [31;1m                 [0m 
[32;1m  TestFlags.ts    [0m | [32;1m  82.92[0m | [31;1m   26.66[0m | [33;1m  66.66[0m | [32;1m  82.92[0m | [31;1m19-22,43,95-96   [0m 
[32;1m  env.ts          [0m | [32;1m  85.71[0m | [31;1m   33.33[0m | [32;1m    100[0m | [32;1m  85.71[0m | [31;1m8-11             [0m 
[31;1m  readiness.ts    [0m | [31;1m      0[0m | [32;1m     100[0m | [32;1m    100[0m | [31;1m      0[0m | [31;1m7                [0m 
[33;1m src/contexts     [0m | [33;1m  71.66[0m | [33;1m   70.58[0m | [33;1m     60[0m | [33;1m  71.66[0m | [31;1m                 [0m 
[31;1m  AuthContext.tsx [0m | [31;1m      0[0m | [31;1m       0[0m | [31;1m      0[0m | [31;1m      0[0m | [31;1m1-13             [0m 
[33;1m  AuthProvider.tsx[0m | [33;1m  71.83[0m | [33;1m      72[0m | [33;1m     75[0m | [33;1m  71.83[0m | [31;1m...00-201,219-220[0m 
[32;1m  ...leContext.tsx[0m | [32;1m    100[0m | [32;1m     100[0m | [32;1m    100[0m | [32;1m    100[0m | [33;1m                 [0m 
[32;1m src/contracts    [0m | [32;1m  85.71[0m | [32;1m   81.25[0m | [32;1m     80[0m | [32;1m  85.71[0m | [31;1m                 [0m 
  IPrivateSTT.ts   |       0 |        0 |       0 |       0 | [31;1m                 [0m 
  ...eSTTEngine.ts |       0 |        0 |       0 |       0 | [31;1m                 [0m 
[32;1m  STTEngine.ts    [0m | [32;1m  85.71[0m | [33;1m   78.57[0m | [33;1m  76.92[0m | [32;1m  85.71[0m | [31;1m...54-155,158-159[0m 
[33;1m src/hooks        [0m | [33;1m  55.25[0m | [33;1m   69.58[0m | [33;1m  63.63[0m | [33;1m  55.25[0m | [31;1m                 [0m 
[31;1m  ...essionLock.ts[0m | [31;1m      0[0m | [31;1m       0[0m | [31;1m      0[0m | [31;1m      0[0m | [31;1m1-119            [0m 
[33;1m  useAnalytics.ts [0m | [33;1m  77.41[0m | [33;1m   70.37[0m | [33;1m  66.66[0m | [33;1m  77.41[0m | [31;1m...5,85-93,97-113[0m 
[31;1m  ...serSupport.ts[0m | [31;1m      0[0m | [31;1m       0[0m | [31;1m      0[0m | [31;1m      0[0m | [31;1m1-32             [0m 
[31;1m  ...ifications.ts[0m | [31;1m      0[0m | [31;1m       0[0m | [31;1m      0[0m | [31;1m      0[0m | [31;1m1-56             [0m 
[31;1m  ...calQueries.ts[0m | [31;1m      0[0m | [31;1m       0[0m | [31;1m      0[0m | [31;1m      0[0m | [31;1m1-43             [0m 
[32;1m  useGoals.ts     [0m | [32;1m   87.5[0m | [33;1m      70[0m | [32;1m     80[0m | [32;1m   87.5[0m | [31;1m...56,71,85-86,96[0m 
[32;1m  ...iceHistory.ts[0m | [32;1m    100[0m | [32;1m     100[0m | [32;1m    100[0m | [32;1m    100[0m | [33;1m                 [0m 
[31;1m  useProfile.ts   [0m | [31;1m      0[0m | [31;1m       0[0m | [31;1m      0[0m | [31;1m      0[0m | [31;1m1-15             [0m 
[31;1m  useSession.ts   [0m | [31;1m  33.33[0m | [32;1m     100[0m | [31;1m      0[0m | [31;1m  33.33[0m | [31;1m11-19            [0m 
[33;1m  ...nLifecycle.ts[0m | [33;1m  74.38[0m | [33;1m   65.07[0m | [32;1m    100[0m | [33;1m  74.38[0m | [31;1m...51-352,358-360[0m 
[33;1m  ...ionManager.ts[0m | [33;1m     58[0m | [33;1m   53.84[0m | [33;1m     75[0m | [33;1m     58[0m | [31;1m...,94-96,100-125[0m 
[32;1m  ...ionMetrics.ts[0m | [32;1m  95.83[0m | [32;1m      88[0m | [32;1m    100[0m | [32;1m  95.83[0m | [31;1m39,75            [0m 
[32;1m  useStreak.ts    [0m | [32;1m  95.12[0m | [33;1m      75[0m | [32;1m    100[0m | [32;1m  95.12[0m | [31;1m13-14            [0m 
[31;1m  useUsageLimit.ts[0m | [31;1m   9.23[0m | [32;1m     100[0m | [31;1m      0[0m | [31;1m   9.23[0m | [31;1m33-85,91-104     [0m 
[31;1m  ...illerWords.ts[0m | [31;1m   9.17[0m | [32;1m     100[0m | [31;1m      0[0m | [31;1m   9.17[0m | [31;1m19-144           [0m 
[33;1m  ...serProfile.ts[0m | [33;1m   57.3[0m | [33;1m   62.06[0m | [32;1m    100[0m | [33;1m   57.3[0m | [31;1m...,98-99,132-142[0m 
[32;1m  ...alAnalysis.ts[0m | [32;1m    100[0m | [32;1m   93.75[0m | [32;1m    100[0m | [32;1m    100[0m | [33;1m44               [0m 
[32;1m ...echRecognition[0m | [32;1m  81.27[0m | [32;1m   85.27[0m | [33;1m  58.33[0m | [32;1m  81.27[0m | [31;1m                 [0m 
[32;1m  types.ts        [0m | [32;1m    100[0m | [32;1m     100[0m | [32;1m    100[0m | [32;1m    100[0m | [33;1m                 [0m 
[32;1m  ...illerWords.ts[0m | [32;1m  90.21[0m | [32;1m   91.42[0m | [32;1m    100[0m | [32;1m  90.21[0m | [31;1m23-29,45,105     [0m 
[32;1m  ...ssionTimer.ts[0m | [32;1m  86.66[0m | [32;1m   88.88[0m | [32;1m    100[0m | [32;1m  86.66[0m | [31;1m14,32-34         [0m 
[33;1m  ...ition_prod.ts[0m | [33;1m  77.01[0m | [33;1m      76[0m | [31;1m  42.85[0m | [33;1m  77.01[0m | [31;1m...44,170,203-207[0m 
[32;1m  ...nCallbacks.ts[0m | [32;1m    100[0m | [32;1m     100[0m | [33;1m   62.5[0m | [32;1m    100[0m | [33;1m                 [0m 
[32;1m  ...ionControl.ts[0m | [32;1m    100[0m | [32;1m     100[0m | [32;1m    100[0m | [32;1m    100[0m | [33;1m                 [0m 
[33;1m  ...ionService.ts[0m | [33;1m  69.75[0m | [33;1m   79.31[0m | [31;1m  33.33[0m | [33;1m  69.75[0m | [31;1m...91-193,213-251[0m 
[32;1m  ...ptionState.ts[0m | [32;1m  91.11[0m | [33;1m      70[0m | [32;1m    100[0m | [32;1m  91.11[0m | [31;1m34-37            [0m 
[32;1m  utils.ts        [0m | [32;1m    100[0m | [32;1m     100[0m | [32;1m    100[0m | [32;1m    100[0m | [33;1m                 [0m 
[31;1m src/lib          [0m | [31;1m  43.43[0m | [33;1m   79.04[0m | [33;1m  71.42[0m | [31;1m  43.43[0m | [31;1m                 [0m 
[32;1m  ...yticsUtils.ts[0m | [32;1m   91.3[0m | [33;1m   70.58[0m | [32;1m    100[0m | [32;1m   91.3[0m | [31;1m25-33,71         [0m 
[31;1m  canvas.ts       [0m | [31;1m      0[0m | [32;1m     100[0m | [32;1m    100[0m | [31;1m      0[0m | [31;1m5-23             [0m 
[32;1m  dateUtils.ts    [0m | [32;1m    100[0m | [32;1m     100[0m | [32;1m    100[0m | [32;1m    100[0m | [33;1m                 [0m 
[31;1m  e2e-bridge.ts   [0m | [31;1m      0[0m | [32;1m     100[0m | [32;1m    100[0m | [31;1m      0[0m | [31;1m37-402           [0m 
[32;1m  ...orHandlers.ts[0m | [32;1m    100[0m | [32;1m   83.33[0m | [32;1m    100[0m | [32;1m    100[0m | [33;1m21               [0m 
[31;1m  logger.ts       [0m | [31;1m      0[0m | [32;1m     100[0m | [32;1m    100[0m | [31;1m      0[0m | [31;1m3-32             [0m 
[32;1m  mockData.ts     [0m | [32;1m    100[0m | [32;1m     100[0m | [32;1m    100[0m | [32;1m    100[0m | [33;1m                 [0m 
[31;1m  mockSupabase.ts [0m | [31;1m   4.61[0m | [32;1m     100[0m | [31;1m      0[0m | [31;1m   4.61[0m | [31;1m5-70             [0m 
[32;1m  pdfGenerator.ts [0m | [32;1m     88[0m | [31;1m   43.75[0m | [32;1m    100[0m | [32;1m     88[0m | [31;1m36-37,100-106    [0m 
[31;1m  pdfParser.ts    [0m | [31;1m      0[0m | [31;1m       0[0m | [31;1m      0[0m | [31;1m      0[0m | [31;1m1-31             [0m 
[31;1m  processImage.ts [0m | [31;1m      0[0m | [31;1m       0[0m | [31;1m      0[0m | [31;1m      0[0m | [31;1m1-22             [0m 
[31;1m  rateLimiter.ts  [0m | [31;1m  26.19[0m | [32;1m     100[0m | [31;1m      0[0m | [31;1m  26.19[0m | [31;1m34-73,79-80      [0m 
[33;1m  storage.ts      [0m | [33;1m     56[0m | [33;1m   78.78[0m | [33;1m     50[0m | [33;1m     56[0m | [31;1m...44-261,269-287[0m 
[32;1m  ...baseClient.ts[0m | [32;1m    100[0m | [32;1m     100[0m | [32;1m    100[0m | [32;1m    100[0m | [33;1m                 [0m 
[31;1m  theme.ts        [0m | [31;1m      0[0m | [32;1m     100[0m | [32;1m    100[0m | [31;1m      0[0m | [31;1m3-359            [0m 
[32;1m  toast.ts        [0m | [32;1m  85.71[0m | [32;1m     100[0m | [32;1m    100[0m | [32;1m  85.71[0m | [31;1m36-40            [0m 
[32;1m  utils.ts        [0m | [32;1m    100[0m | [32;1m     100[0m | [32;1m    100[0m | [32;1m    100[0m | [33;1m                 [0m 
[32;1m  wer.ts          [0m | [32;1m   92.1[0m | [32;1m   94.44[0m | [32;1m    100[0m | [32;1m   92.1[0m | [31;1m65-67            [0m 
[33;1m src/mocks        [0m | [33;1m  51.11[0m | [33;1m   57.57[0m | [33;1m     60[0m | [33;1m  51.11[0m | [31;1m                 [0m 
[31;1m  browser.ts      [0m | [31;1m      0[0m | [32;1m     100[0m | [32;1m    100[0m | [31;1m      0[0m | [31;1m2-6              [0m 
[31;1m  handlers.ts     [0m | [31;1m  43.46[0m | [33;1m      50[0m | [31;1m     40[0m | [31;1m  43.46[0m | [31;1m...00-408,413-430[0m 
[32;1m  ...user-utils.ts[0m | [32;1m    100[0m | [32;1m     100[0m | [32;1m    100[0m | [32;1m    100[0m | [33;1m                 [0m 
[32;1m src/pages        [0m | [32;1m  83.66[0m | [32;1m   82.38[0m | [33;1m   62.5[0m | [32;1m  83.66[0m | [31;1m                 [0m 
[33;1m  ...yticsPage.tsx[0m | [33;1m  73.15[0m | [32;1m   94.11[0m | [33;1m     50[0m | [33;1m  73.15[0m | [31;1m92-106,111-145   [0m 
[33;1m  AuthPage.tsx    [0m | [33;1m  74.31[0m | [33;1m   69.84[0m | [33;1m   62.5[0m | [33;1m  74.31[0m | [31;1m...30-231,344-360[0m 
[32;1m  ...eededPage.tsx[0m | [32;1m    100[0m | [32;1m     100[0m | [33;1m     50[0m | [32;1m    100[0m | [33;1m                 [0m 
[32;1m  ...ystemPage.tsx[0m | [32;1m    100[0m | [32;1m     100[0m | [32;1m    100[0m | [32;1m    100[0m | [33;1m                 [0m 
[32;1m  Index.tsx       [0m | [32;1m  87.17[0m | [32;1m   85.71[0m | [32;1m    100[0m | [32;1m  87.17[0m | [31;1m39-44            [0m 
[32;1m  MainPage.tsx    [0m | [32;1m    100[0m | [32;1m     100[0m | [32;1m    100[0m | [32;1m    100[0m | [33;1m                 [0m 
[33;1m  PricingPage.tsx [0m | [33;1m  77.87[0m | [32;1m   86.66[0m | [32;1m     80[0m | [33;1m  77.87[0m | [31;1m58-59,96-120     [0m 
[32;1m  SessionPage.tsx [0m | [32;1m  90.94[0m | [33;1m   75.67[0m | [31;1m  33.33[0m | [32;1m  90.94[0m | [31;1m...,96-97,135-151[0m 
[32;1m  SignInPage.tsx  [0m | [32;1m  81.57[0m | [32;1m    87.5[0m | [33;1m  71.42[0m | [32;1m  81.57[0m | [31;1m42,52-75,131-133 [0m 
[32;1m  SignUpPage.tsx  [0m | [32;1m  89.55[0m | [32;1m   95.83[0m | [32;1m  83.33[0m | [32;1m  89.55[0m | [31;1m52-67            [0m 
[32;1m src/providers    [0m | [32;1m  97.14[0m | [32;1m   84.21[0m | [32;1m    100[0m | [32;1m  97.14[0m | [31;1m                 [0m 
[32;1m  ...ionContext.ts[0m | [32;1m    100[0m | [32;1m     100[0m | [32;1m    100[0m | [32;1m    100[0m | [33;1m                 [0m 
[32;1m  ...nProvider.tsx[0m | [32;1m    100[0m | [32;1m   88.23[0m | [32;1m    100[0m | [32;1m    100[0m | [33;1m53-55            [0m 
[33;1m  ...ionContext.ts[0m | [33;1m  77.77[0m | [33;1m      50[0m | [32;1m    100[0m | [33;1m  77.77[0m | [31;1m7-8              [0m 
[33;1m src/services     [0m | [33;1m  67.11[0m | [33;1m   67.44[0m | [33;1m  79.31[0m | [33;1m  67.11[0m | [31;1m                 [0m 
[31;1m  ...ticsBuffer.ts[0m | [31;1m      0[0m | [32;1m     100[0m | [32;1m    100[0m | [31;1m      0[0m | [31;1m2-98             [0m 
[33;1m  ...Controller.ts[0m | [33;1m  68.01[0m | [33;1m   68.34[0m | [33;1m  72.72[0m | [33;1m  68.01[0m | [31;1m...61-875,904-924[0m 
[32;1m  ...inServices.ts[0m | [32;1m  83.93[0m | [33;1m    62.5[0m | [32;1m    100[0m | [32;1m  83.93[0m | [31;1m...89-291,320-322[0m 
[32;1m ...services/audio[0m | [32;1m  96.03[0m | [32;1m    93.1[0m | [32;1m   87.5[0m | [32;1m  96.03[0m | [31;1m                 [0m 
[32;1m  pauseDetector.ts[0m | [32;1m  96.03[0m | [32;1m    93.1[0m | [32;1m   87.5[0m | [32;1m  96.03[0m | [31;1m128,145-147      [0m 
[33;1m .../transcription[0m | [33;1m   75.9[0m | [33;1m   72.62[0m | [33;1m  64.21[0m | [33;1m   75.9[0m | [31;1m                 [0m 
[33;1m  EngineFactory.ts[0m | [33;1m  68.25[0m | [33;1m   53.84[0m | [32;1m    100[0m | [33;1m  68.25[0m | [31;1m...55,66-68,75-87[0m 
[32;1m  ...ureManager.ts[0m | [32;1m  84.61[0m | [32;1m     100[0m | [33;1m     60[0m | [32;1m  84.61[0m | [31;1m53-54,57-58      [0m 
[32;1m  ...iceFactory.ts[0m | [32;1m    100[0m | [33;1m      60[0m | [31;1m     40[0m | [32;1m    100[0m | [33;1m27-28            [0m 
[33;1m  TestRegistry.ts [0m | [33;1m   69.3[0m | [33;1m   56.25[0m | [33;1m  77.77[0m | [33;1m   69.3[0m | [31;1m...55-164,176,188[0m 
[32;1m  ...riptionFSM.ts[0m | [32;1m  95.95[0m | [32;1m     100[0m | [32;1m   87.5[0m | [32;1m  95.95[0m | [31;1m162-165          [0m 
[32;1m  ...tionPolicy.ts[0m | [32;1m    100[0m | [32;1m     100[0m | [32;1m    100[0m | [32;1m    100[0m | [33;1m                 [0m 
[33;1m  ...ionService.ts[0m | [33;1m  73.04[0m | [33;1m   68.75[0m | [33;1m  69.81[0m | [33;1m  73.04[0m | [31;1m...1293,1314-1315[0m 
[33;1m  errors.ts       [0m | [33;1m     50[0m | [32;1m     100[0m | [31;1m   9.09[0m | [33;1m     50[0m | [31;1m...69,76-80,86-90[0m 
[33;1m ...iption/engines[0m | [33;1m  74.31[0m | [33;1m   72.93[0m | [33;1m  56.14[0m | [33;1m  74.31[0m | [31;1m                 [0m 
[31;1m  MockEngine.ts   [0m | [31;1m  29.57[0m | [32;1m     100[0m | [31;1m      0[0m | [31;1m  29.57[0m | [31;1m...09-110,113-114[0m 
[33;1m  PrivateSTT.ts   [0m | [33;1m  62.56[0m | [33;1m   67.56[0m | [33;1m     75[0m | [33;1m  62.56[0m | [31;1m...80-281,298-310[0m 
[32;1m  ...rsJSEngine.ts[0m | [32;1m  91.85[0m | [33;1m   77.77[0m | [33;1m     75[0m | [32;1m  91.85[0m | [31;1m...40,182,196-197[0m 
[32;1m  ...neRegistry.ts[0m | [32;1m  83.03[0m | [33;1m   69.38[0m | [32;1m     80[0m | [32;1m  83.03[0m | [31;1m...64-265,272-273[0m 
[32;1m  ...urboEngine.ts[0m | [32;1m  90.27[0m | [32;1m      85[0m | [33;1m  71.42[0m | [32;1m  90.27[0m | [31;1m67-68,107-111    [0m 
[33;1m ...cription/modes[0m | [33;1m  68.23[0m | [33;1m   56.25[0m | [33;1m  61.81[0m | [33;1m  68.23[0m | [31;1m                 [0m 
[33;1m  ...AssemblyAI.ts[0m | [33;1m  78.01[0m | [33;1m   57.69[0m | [33;1m  70.83[0m | [33;1m  78.01[0m | [31;1m...83-384,408-411[0m 
[33;1m  NativeBrowser.ts[0m | [33;1m  58.72[0m | [33;1m      50[0m | [33;1m  53.84[0m | [33;1m  58.72[0m | [31;1m...13-214,221-251[0m 
[33;1m  ...ateWhisper.ts[0m | [33;1m  63.26[0m | [33;1m   55.55[0m | [33;1m  61.53[0m | [33;1m  63.26[0m | [31;1m...84-400,403-404[0m 
[33;1m  types.ts        [0m | [33;1m  72.72[0m | [32;1m     100[0m | [31;1m     40[0m | [33;1m  72.72[0m | [31;1m39-40,46-47,53-54[0m 
[31;1m ...cription/utils[0m | [31;1m  49.51[0m | [32;1m   81.35[0m | [33;1m  60.52[0m | [31;1m  49.51[0m | [31;1m                 [0m 
[33;1m  ...oProcessor.ts[0m | [33;1m  56.36[0m | [32;1m      92[0m | [33;1m     60[0m | [33;1m  56.36[0m | [31;1m190-200,206-290  [0m 
[32;1m  ...lbackProxy.ts[0m | [32;1m    100[0m | [32;1m     100[0m | [32;1m    100[0m | [32;1m    100[0m | [33;1m                 [0m 
[33;1m  ...sor.worker.ts[0m | [33;1m  63.09[0m | [32;1m   85.71[0m | [32;1m     80[0m | [33;1m  63.09[0m | [31;1m23-58            [0m 
[31;1m  ...or.worklet.ts[0m | [31;1m      0[0m | [32;1m     100[0m | [32;1m    100[0m | [31;1m      0[0m | [31;1m19-84            [0m 
[31;1m  ...Utils.impl.ts[0m | [31;1m  27.17[0m | [31;1m   22.22[0m | [31;1m     20[0m | [31;1m  27.17[0m | [31;1m...66-128,132-137[0m 
[32;1m  audioUtils.ts   [0m | [32;1m    100[0m | [32;1m     100[0m | [32;1m    100[0m | [32;1m    100[0m | [33;1m                 [0m 
  types.ts         |       0 |        0 |       0 |       0 | [31;1m                 [0m 
[32;1m src/stores       [0m | [32;1m  82.62[0m | [32;1m    93.1[0m | [33;1m  65.21[0m | [32;1m  82.62[0m | [31;1m                 [0m 
[33;1m  ...inessStore.ts[0m | [33;1m  76.84[0m | [32;1m    87.5[0m | [31;1m     40[0m | [33;1m  76.84[0m | [31;1m...05-112,115-129[0m 
[32;1m  ...ssionStore.ts[0m | [32;1m  87.28[0m | [32;1m   95.23[0m | [33;1m  72.22[0m | [32;1m  87.28[0m | [31;1m...76-178,184-186[0m 
[31;1m src/tests/utils  [0m | [31;1m      0[0m | [32;1m     100[0m | [32;1m    100[0m | [31;1m      0[0m | [31;1m                 [0m 
[31;1m  testService.ts  [0m | [31;1m      0[0m | [32;1m     100[0m | [32;1m    100[0m | [31;1m      0[0m | [31;1m7-47             [0m 
[32;1m src/utils        [0m | [32;1m  89.12[0m | [32;1m   87.17[0m | [32;1m  84.61[0m | [32;1m  89.12[0m | [31;1m                 [0m 
[32;1m  ...hWithRetry.ts[0m | [32;1m  89.47[0m | [32;1m   85.71[0m | [32;1m    100[0m | [32;1m  89.47[0m | [31;1m22-23            [0m 
[32;1m  ...rWordUtils.ts[0m | [32;1m    100[0m | [32;1m   80.55[0m | [32;1m    100[0m | [32;1m    100[0m | [33;1m139-150,164-172  [0m 
[32;1m  ...lightUtils.ts[0m | [32;1m  96.66[0m | [32;1m   96.15[0m | [32;1m    100[0m | [32;1m  96.66[0m | [31;1m91-93            [0m 
[32;1m  safeCompare.ts  [0m | [32;1m    100[0m | [32;1m   83.33[0m | [32;1m    100[0m | [32;1m    100[0m | [33;1m27               [0m 
[31;1m  ...eDetection.ts[0m | [31;1m  31.57[0m | [32;1m     100[0m | [31;1m  33.33[0m | [31;1m  31.57[0m | [31;1m10-38,49-51      [0m 
-------------------|---------|----------|---------|---------|-------------------
